Build started 4/5/2011 1:17:59 AM.
Project "C:\Documents and Settings\Administrator\Desktop\gitrobocup\rfc\vision\protobuf\vsprojects\libprotobuf.vcxproj" on node 2 (build target(s)).
InitializeBuildStatus:
  Creating "..\..\..\bin\Debug\libprotobuf.unsuccessfulbuild" because "AlwaysCreate" was specified.
ClCompile:
  C:\Program Files\Microsoft Visual Studio 10.0\VC\bin\CL.exe /c /I../src /I. /Zi /nologo /W3 /WX- /Ox /Ob2 /Oi /Ot /Oy- /D WIN32 /D _DEBUG /D _WINDOWS /D _USRDLL /D LIBPROTOBUF_EXPORTS /D _WINDLL /Gm /EHsc /MDd /GS /arch:SSE2 /fp:fast /Zc:wchar_t /Zc:forScope /Fo"..\..\..\bin\Debug\\" /Fd"..\..\..\bin\Debug\vc100.pdb" /Gd /TP /analyze- /errorReport:prompt ..\src\google\protobuf\io\coded_stream.cc ..\src\google\protobuf\stubs\common.cc ..\src\google\protobuf\descriptor.cc ..\src\google\protobuf\descriptor.pb.cc ..\src\google\protobuf\descriptor_database.cc ..\src\google\protobuf\dynamic_message.cc ..\src\google\protobuf\extension_set.cc ..\src\google\protobuf\generated_message_reflection.cc ..\src\google\protobuf\stubs\hash.cc ..\src\google\protobuf\compiler\importer.cc "..\src\google\protobuf\stubs\map-util.cc" ..\src\google\protobuf\message.cc ..\src\google\protobuf\compiler\parser.cc ..\src\google\protobuf\io\printer.cc ..\src\google\protobuf\reflection_ops.cc ..\src\google\protobuf\repeated_field.cc ..\src\google\protobuf\service.cc "..\src\google\protobuf\stubs\stl_util-inl.cc" ..\src\google\protobuf\stubs\structurally_valid.cc ..\src\google\protobuf\stubs\strutil.cc ..\src\google\protobuf\stubs\substitute.cc ..\src\google\protobuf\text_format.cc ..\src\google\protobuf\io\tokenizer.cc ..\src\google\protobuf\unknown_field_set.cc ..\src\google\protobuf\wire_format.cc ..\src\google\protobuf\io\zero_copy_stream.cc ..\src\google\protobuf\io\zero_copy_stream_impl.cc /wd4244 /wd4267 /wd4018 /wd4355 /wd4800 /wd4251 /wd4996 /wd4146 /wd4305 
  zero_copy_stream_impl.cc
  zero_copy_stream.cc
  wire_format.cc
  unknown_field_set.cc
  tokenizer.cc
  text_format.cc
  substitute.cc
  strutil.cc
  structurally_valid.cc
  stl_util-inl.cc
  service.cc
  repeated_field.cc
  reflection_ops.cc
  printer.cc
  parser.cc
  message.cc
  map-util.cc
  importer.cc
  hash.cc
  generated_message_reflection.cc
  Generating Code...
  Compiling...
  extension_set.cc
  dynamic_message.cc
  descriptor_database.cc
  descriptor.pb.cc
  descriptor.cc
  common.cc
  coded_stream.cc
  Generating Code...
Link:
  C:\Program Files\Microsoft Visual Studio 10.0\VC\bin\link.exe /ERRORREPORT:PROMPT /OUT:"..\..\..\bin\Debug\libprotobuf.dll" /NOLOGO kernel32.lib user32.lib gdi32.lib winspool.lib comdlg32.lib advapi32.lib shell32.lib ole32.lib oleaut32.lib uuid.lib odbc32.lib odbccp32.lib /MANIFEST /ManifestFile:"..\..\..\bin\Debug\libprotobuf.dll.intermediate.manifest" /MANIFESTUAC:"level='asInvoker' uiAccess='false'" /PDB:"C:\Documents and Settings\Administrator\Desktop\gitrobocup\rfc\bin\Debug\libprotobuf.pdb" /TLBID:1 /DYNAMICBASE /NXCOMPAT /IMPLIB:"..\..\..\bin\Debug\libprotobuf.lib" /MACHINE:X86 /KEYFILE:"..\..\..\bin\Debug\..\..\resources\rfc.snk" /DLL ..\..\..\bin\Debug\coded_stream.obj
  ..\..\..\bin\Debug\common.obj
  ..\..\..\bin\Debug\descriptor.obj
  ..\..\..\bin\Debug\descriptor.pb.obj
  ..\..\..\bin\Debug\descriptor_database.obj
  ..\..\..\bin\Debug\dynamic_message.obj
  ..\..\..\bin\Debug\extension_set.obj
  ..\..\..\bin\Debug\generated_message_reflection.obj
  ..\..\..\bin\Debug\hash.obj
  ..\..\..\bin\Debug\importer.obj
  "..\..\..\bin\Debug\map-util.obj"
  ..\..\..\bin\Debug\message.obj
  ..\..\..\bin\Debug\parser.obj
  ..\..\..\bin\Debug\printer.obj
  ..\..\..\bin\Debug\reflection_ops.obj
  ..\..\..\bin\Debug\repeated_field.obj
  ..\..\..\bin\Debug\service.obj
  "..\..\..\bin\Debug\stl_util-inl.obj"
  ..\..\..\bin\Debug\structurally_valid.obj
  ..\..\..\bin\Debug\strutil.obj
  ..\..\..\bin\Debug\substitute.obj
  ..\..\..\bin\Debug\text_format.obj
  ..\..\..\bin\Debug\tokenizer.obj
  ..\..\..\bin\Debug\unknown_field_set.obj
  ..\..\..\bin\Debug\wire_format.obj
  ..\..\..\bin\Debug\zero_copy_stream.obj
  ..\..\..\bin\Debug\zero_copy_stream_impl.obj
     Creating library ..\..\..\bin\Debug\libprotobuf.lib and object ..\..\..\bin\Debug\libprotobuf.exp
  libprotobuf.vcxproj -> C:\Documents and Settings\Administrator\Desktop\gitrobocup\rfc\vision\protobuf\vsprojects\..\..\..\bin\Debug\libprotobuf.dll
Manifest:
  C:\Program Files\Microsoft SDKs\Windows\v7.0A\bin\mt.exe /nologo /verbose /out:"C:\Documents and Settings\Administrator\Desktop\gitrobocup\rfc\vision\protobuf\vsprojects\..\..\..\bin\Debug\libprotobuf.dll.manifest" /manifest ..\..\..\bin\Debug\libprotobuf.dll.intermediate.manifest
FinalizeBuildStatus:
  Deleting file "..\..\..\bin\Debug\libprotobuf.unsuccessfulbuild".
  Touching "..\..\..\bin\Debug\libprotobuf.lastbuildstate".
Done Building Project "C:\Documents and Settings\Administrator\Desktop\gitrobocup\rfc\vision\protobuf\vsprojects\libprotobuf.vcxproj" (build target(s)).

Build succeeded.

Time Elapsed 00:00:53.40
