..\..\bin\Debug\SSLClientWrapper.ilk
..\..\bin\Debug\SSLClientWrapper.pdb
C:\DOCUMENTS AND SETTINGS\ADMINISTRATOR\DESKTOP\GITROBOCUP\RFC\BIN\DEBUG\.NETFRAMEWORK,VERSION=V4.0.ASSEMBLYATTRIBUTES.OBJ
C:\DOCUMENTS AND SETTINGS\ADMINISTRATOR\DESKTOP\GITROBOCUP\RFC\BIN\DEBUG\APP.RES
C:\DOCUMENTS AND SETTINGS\ADMINISTRATOR\DESKTOP\GITROBOCUP\RFC\BIN\DEBUG\ASSEMBLYINFO.OBJ
C:\Documents and Settings\Administrator\Desktop\gitrobocup\rfc\bin\Debug\cl.command.1.tlog
C:\Documents and Settings\Administrator\Desktop\gitrobocup\rfc\bin\Debug\CL.read.1.tlog
C:\Documents and Settings\Administrator\Desktop\gitrobocup\rfc\bin\Debug\CL.write.1.tlog
C:\DOCUMENTS AND SETTINGS\ADMINISTRATOR\DESKTOP\GITROBOCUP\RFC\BIN\DEBUG\CODED_STREAM.OBJ
C:\DOCUMENTS AND SETTINGS\ADMINISTRATOR\DESKTOP\GITROBOCUP\RFC\BIN\DEBUG\COMMON.OBJ
C:\Documents and Settings\Administrator\Desktop\gitrobocup\rfc\bin\Debug\ControlForm.vshost.exe.manifest
C:\Documents and Settings\Administrator\Desktop\gitrobocup\rfc\bin\Debug\Core.pdb
C:\DOCUMENTS AND SETTINGS\ADMINISTRATOR\DESKTOP\GITROBOCUP\RFC\BIN\DEBUG\DESCRIPTOR.OBJ
C:\DOCUMENTS AND SETTINGS\ADMINISTRATOR\DESKTOP\GITROBOCUP\RFC\BIN\DEBUG\DESCRIPTOR.PB.OBJ
C:\DOCUMENTS AND SETTINGS\ADMINISTRATOR\DESKTOP\GITROBOCUP\RFC\BIN\DEBUG\DESCRIPTOR_DATABASE.OBJ
C:\DOCUMENTS AND SETTINGS\ADMINISTRATOR\DESKTOP\GITROBOCUP\RFC\BIN\DEBUG\DYNAMIC_MESSAGE.OBJ
C:\DOCUMENTS AND SETTINGS\ADMINISTRATOR\DESKTOP\GITROBOCUP\RFC\BIN\DEBUG\EXTENSION_SET.OBJ
C:\DOCUMENTS AND SETTINGS\ADMINISTRATOR\DESKTOP\GITROBOCUP\RFC\BIN\DEBUG\GENERATED_MESSAGE_REFLECTION.OBJ
C:\DOCUMENTS AND SETTINGS\ADMINISTRATOR\DESKTOP\GITROBOCUP\RFC\BIN\DEBUG\HASH.OBJ
C:\DOCUMENTS AND SETTINGS\ADMINISTRATOR\DESKTOP\GITROBOCUP\RFC\BIN\DEBUG\IMPORTER.OBJ
C:\DOCUMENTS AND SETTINGS\ADMINISTRATOR\DESKTOP\GITROBOCUP\RFC\BIN\DEBUG\LIBPROTOBUF.DLL
C:\DOCUMENTS AND SETTINGS\ADMINISTRATOR\DESKTOP\GITROBOCUP\RFC\BIN\DEBUG\LIBPROTOBUF.DLL.INTERMEDIATE.MANIFEST
C:\DOCUMENTS AND SETTINGS\ADMINISTRATOR\DESKTOP\GITROBOCUP\RFC\BIN\DEBUG\LIBPROTOBUF.DLL.MANIFEST
C:\Documents and Settings\Administrator\Desktop\gitrobocup\rfc\bin\Debug\libprotobuf.exp
C:\Documents and Settings\Administrator\Desktop\gitrobocup\rfc\bin\Debug\libprotobuf.lib
C:\Documents and Settings\Administrator\Desktop\gitrobocup\rfc\bin\Debug\libprotobuf.write.1.tlog
C:\Documents and Settings\Administrator\Desktop\gitrobocup\rfc\bin\Debug\link.1804.read.1.tlog
C:\Documents and Settings\Administrator\Desktop\gitrobocup\rfc\bin\Debug\link.1804.write.1.tlog
C:\Documents and Settings\Administrator\Desktop\gitrobocup\rfc\bin\Debug\link.1804-cvtres.read.1.tlog
C:\Documents and Settings\Administrator\Desktop\gitrobocup\rfc\bin\Debug\link.1804-cvtres.write.1.tlog
C:\Documents and Settings\Administrator\Desktop\gitrobocup\rfc\bin\Debug\link.2412.read.1.tlog
C:\Documents and Settings\Administrator\Desktop\gitrobocup\rfc\bin\Debug\link.2412.write.1.tlog
C:\Documents and Settings\Administrator\Desktop\gitrobocup\rfc\bin\Debug\link.2412-cvtres.read.1.tlog
C:\Documents and Settings\Administrator\Desktop\gitrobocup\rfc\bin\Debug\link.2412-cvtres.write.1.tlog
C:\Documents and Settings\Administrator\Desktop\gitrobocup\rfc\bin\Debug\link.command.1.tlog
C:\Documents and Settings\Administrator\Desktop\gitrobocup\rfc\bin\Debug\link.read.1.tlog
C:\Documents and Settings\Administrator\Desktop\gitrobocup\rfc\bin\Debug\link.write.1.tlog
C:\DOCUMENTS AND SETTINGS\ADMINISTRATOR\DESKTOP\GITROBOCUP\RFC\BIN\DEBUG\MAP-UTIL.OBJ
C:\DOCUMENTS AND SETTINGS\ADMINISTRATOR\DESKTOP\GITROBOCUP\RFC\BIN\DEBUG\MESSAGE.OBJ
C:\DOCUMENTS AND SETTINGS\ADMINISTRATOR\DESKTOP\GITROBOCUP\RFC\BIN\DEBUG\MESSAGES_ROBOCUP_SSL_DETECTION.PB.OBJ
C:\DOCUMENTS AND SETTINGS\ADMINISTRATOR\DESKTOP\GITROBOCUP\RFC\BIN\DEBUG\MESSAGES_ROBOCUP_SSL_GEOMETRY.PB.OBJ
C:\DOCUMENTS AND SETTINGS\ADMINISTRATOR\DESKTOP\GITROBOCUP\RFC\BIN\DEBUG\MESSAGES_ROBOCUP_SSL_WRAPPER.PB.OBJ
C:\Documents and Settings\Administrator\Desktop\gitrobocup\rfc\bin\Debug\MessageSystem.pdb
C:\Documents and Settings\Administrator\Desktop\gitrobocup\rfc\bin\Debug\mt.command.1.tlog
C:\Documents and Settings\Administrator\Desktop\gitrobocup\rfc\bin\Debug\mt.read.1.tlog
C:\Documents and Settings\Administrator\Desktop\gitrobocup\rfc\bin\Debug\mt.write.1.tlog
C:\DOCUMENTS AND SETTINGS\ADMINISTRATOR\DESKTOP\GITROBOCUP\RFC\BIN\DEBUG\NETRAW.OBJ
C:\DOCUMENTS AND SETTINGS\ADMINISTRATOR\DESKTOP\GITROBOCUP\RFC\BIN\DEBUG\PARSER.OBJ
C:\Documents and Settings\Administrator\Desktop\gitrobocup\rfc\bin\Debug\PlaySystem.pdb
C:\DOCUMENTS AND SETTINGS\ADMINISTRATOR\DESKTOP\GITROBOCUP\RFC\BIN\DEBUG\PRINTER.OBJ
C:\Documents and Settings\Administrator\Desktop\gitrobocup\rfc\bin\Debug\rc.command.1.tlog
C:\Documents and Settings\Administrator\Desktop\gitrobocup\rfc\bin\Debug\rc.read.1.tlog
C:\Documents and Settings\Administrator\Desktop\gitrobocup\rfc\bin\Debug\rc.write.1.tlog
C:\DOCUMENTS AND SETTINGS\ADMINISTRATOR\DESKTOP\GITROBOCUP\RFC\BIN\DEBUG\REFLECTION_OPS.OBJ
C:\DOCUMENTS AND SETTINGS\ADMINISTRATOR\DESKTOP\GITROBOCUP\RFC\BIN\DEBUG\REPEATED_FIELD.OBJ
C:\DOCUMENTS AND SETTINGS\ADMINISTRATOR\DESKTOP\GITROBOCUP\RFC\BIN\DEBUG\ROBOCUP_SSL_CLIENT.OBJ
C:\DOCUMENTS AND SETTINGS\ADMINISTRATOR\DESKTOP\GITROBOCUP\RFC\BIN\DEBUG\ROBOCUP_SSL_SERVER.OBJ
C:\DOCUMENTS AND SETTINGS\ADMINISTRATOR\DESKTOP\GITROBOCUP\RFC\BIN\DEBUG\SERVICE.OBJ
C:\Documents and Settings\Administrator\Desktop\gitrobocup\rfc\bin\Debug\Simulator.vshost.exe.manifest
C:\Documents and Settings\Administrator\Desktop\gitrobocup\rfc\bin\Debug\SlimDX.pdb
C:\Documents and Settings\Administrator\Desktop\gitrobocup\rfc\bin\Debug\SlimDX.xml
C:\DOCUMENTS AND SETTINGS\ADMINISTRATOR\DESKTOP\GITROBOCUP\RFC\BIN\DEBUG\SSLCLIENTLIB.DLL
C:\Documents and Settings\Administrator\Desktop\gitrobocup\rfc\bin\Debug\SSLClientLib.exp
C:\DOCUMENTS AND SETTINGS\ADMINISTRATOR\DESKTOP\GITROBOCUP\RFC\BIN\DEBUG\SSLCLIENTLIB.ILK
C:\Documents and Settings\Administrator\Desktop\gitrobocup\rfc\bin\Debug\SSLClientLib.lib
C:\DOCUMENTS AND SETTINGS\ADMINISTRATOR\DESKTOP\GITROBOCUP\RFC\BIN\DEBUG\SSLCLIENTLIB.PDB
C:\Documents and Settings\Administrator\Desktop\gitrobocup\rfc\bin\Debug\SSLClientLib.write.1.tlog
C:\DOCUMENTS AND SETTINGS\ADMINISTRATOR\DESKTOP\GITROBOCUP\RFC\BIN\DEBUG\SSLCLIENTWRAPPER.DLL
C:\DOCUMENTS AND SETTINGS\ADMINISTRATOR\DESKTOP\GITROBOCUP\RFC\BIN\DEBUG\SSLCLIENTWRAPPER.DLL.INTERMEDIATE.MANIFEST
C:\DOCUMENTS AND SETTINGS\ADMINISTRATOR\DESKTOP\GITROBOCUP\RFC\BIN\DEBUG\SSLCLIENTWRAPPER.DLL.MANIFEST
C:\Documents and Settings\Administrator\Desktop\gitrobocup\rfc\bin\Debug\SSLClientWrapper.exp
C:\DOCUMENTS AND SETTINGS\ADMINISTRATOR\DESKTOP\GITROBOCUP\RFC\BIN\DEBUG\SSLCLIENTWRAPPER.ILK
C:\Documents and Settings\Administrator\Desktop\gitrobocup\rfc\bin\Debug\SSLClientWrapper.lib
C:\DOCUMENTS AND SETTINGS\ADMINISTRATOR\DESKTOP\GITROBOCUP\RFC\BIN\DEBUG\SSLCLIENTWRAPPER.OBJ
C:\DOCUMENTS AND SETTINGS\ADMINISTRATOR\DESKTOP\GITROBOCUP\RFC\BIN\DEBUG\SSLCLIENTWRAPPER.PDB
C:\Documents and Settings\Administrator\Desktop\gitrobocup\rfc\bin\Debug\SSLClientWrapper.write.1.tlog
C:\DOCUMENTS AND SETTINGS\ADMINISTRATOR\DESKTOP\GITROBOCUP\RFC\BIN\DEBUG\STL_UTIL-INL.OBJ
C:\DOCUMENTS AND SETTINGS\ADMINISTRATOR\DESKTOP\GITROBOCUP\RFC\BIN\DEBUG\STRUCTURALLY_VALID.OBJ
C:\DOCUMENTS AND SETTINGS\ADMINISTRATOR\DESKTOP\GITROBOCUP\RFC\BIN\DEBUG\STRUTIL.OBJ
C:\DOCUMENTS AND SETTINGS\ADMINISTRATOR\DESKTOP\GITROBOCUP\RFC\BIN\DEBUG\SUBSTITUTE.OBJ
C:\DOCUMENTS AND SETTINGS\ADMINISTRATOR\DESKTOP\GITROBOCUP\RFC\BIN\DEBUG\TEXT_FORMAT.OBJ
C:\DOCUMENTS AND SETTINGS\ADMINISTRATOR\DESKTOP\GITROBOCUP\RFC\BIN\DEBUG\TOKENIZER.OBJ
C:\DOCUMENTS AND SETTINGS\ADMINISTRATOR\DESKTOP\GITROBOCUP\RFC\BIN\DEBUG\UNKNOWN_FIELD_SET.OBJ
C:\Documents and Settings\Administrator\Desktop\gitrobocup\rfc\bin\Debug\Utilities.pdb
C:\Documents and Settings\Administrator\Desktop\gitrobocup\rfc\bin\Debug\vc100.idb
C:\DOCUMENTS AND SETTINGS\ADMINISTRATOR\DESKTOP\GITROBOCUP\RFC\BIN\DEBUG\VC100.PDB
C:\DOCUMENTS AND SETTINGS\ADMINISTRATOR\DESKTOP\GITROBOCUP\RFC\BIN\DEBUG\WIRE_FORMAT.OBJ
C:\DOCUMENTS AND SETTINGS\ADMINISTRATOR\DESKTOP\GITROBOCUP\RFC\BIN\DEBUG\ZERO_COPY_STREAM.OBJ
C:\DOCUMENTS AND SETTINGS\ADMINISTRATOR\DESKTOP\GITROBOCUP\RFC\BIN\DEBUG\ZERO_COPY_STREAM_IMPL.OBJ
C:\Documents and Settings\Administrator\Desktop\gitrobocup\rfc\vision\SSLClientWrapper\..\..\bin\Debug\SSLClientWrapper.dll
C:\Documents and Settings\Administrator\Desktop\gitrobocup\rfc\vision\SSLClientWrapper\..\..\bin\Debug\SSLClientWrapper.dll.intermediate.manifest
C:\Documents and Settings\Administrator\Desktop\gitrobocup\rfc\vision\SSLClientWrapper\..\..\bin\Debug\SSLClientWrapper.dll.manifest
