Build started 4/5/2011 1:19:00 AM.
Project "C:\Documents and Settings\Administrator\Desktop\gitrobocup\rfc\vision\SSLClientLib\SSLClientLib.vcxproj" on node 2 (build target(s)).
InitializeBuildStatus:
  Creating "..\..\bin\Debug\SSLClientLib.unsuccessfulbuild" because "AlwaysCreate" was specified.
GenerateTargetFrameworkMonikerAttribute:
Skipping target "GenerateTargetFrameworkMonikerAttribute" because all output files are up-to-date with respect to the input files.
ClCompile:
  C:\Program Files\Microsoft Visual Studio 10.0\VC\bin\CL.exe /c /I../../vision/protobuf/src /I../../vision/SSLClientLib/proto/cpp /AI"C:\Program Files\Reference Assemblies\Microsoft\Framework\.NETFramework\v4.0" /Zi /clr /nologo /W3 /WX- /Ox /Ob2 /Ot /Oy- /D WIN32 /D _DEBUG /D _WINDLL /D _UNICODE /D UNICODE /EHa /MDd /GS /fp:fast /Zc:wchar_t /Zc:forScope /Fo"..\..\bin\Debug\\" /Fd"..\..\bin\Debug\vc100.pdb" /TP /analyze- /errorReport:prompt AssemblyInfo.cpp proto\cpp\messages_robocup_ssl_detection.pb.cc proto\cpp\messages_robocup_ssl_geometry.pb.cc proto\cpp\messages_robocup_ssl_wrapper.pb.cc netraw.cpp robocup_ssl_client.cpp robocup_ssl_server.cpp /clr:nostdlib /LD 
  AssemblyInfo.cpp
  messages_robocup_ssl_detection.pb.cc
C:\Documents and Settings\Administrator\Desktop\gitrobocup\rfc\vision\protobuf\src\google/protobuf/stubs/common.h(600): warning C4251: 'google::protobuf::internal::LogMessage::message_' : class 'std::basic_string<_Elem,_Traits,_Ax>' needs to have dll-interface to be used by clients of class 'google::protobuf::internal::LogMessage'
          with
          [
              _Elem=char,
              _Traits=std::char_traits<char>,
              _Ax=std::allocator<char>
          ]
C:\Documents and Settings\Administrator\Desktop\gitrobocup\rfc\vision\protobuf\src\google/protobuf/unknown_field_set.h(229): warning C4251: 'google::protobuf::UnknownField::varint_' : class 'google::protobuf::RepeatedField<Element>' needs to have dll-interface to be used by clients of class 'google::protobuf::UnknownField'
          with
          [
              Element=google::protobuf::uint64
          ]
C:\Documents and Settings\Administrator\Desktop\gitrobocup\rfc\vision\protobuf\src\google/protobuf/unknown_field_set.h(230): warning C4251: 'google::protobuf::UnknownField::fixed32_' : class 'google::protobuf::RepeatedField<Element>' needs to have dll-interface to be used by clients of class 'google::protobuf::UnknownField'
          with
          [
              Element=google::protobuf::uint32
          ]
C:\Documents and Settings\Administrator\Desktop\gitrobocup\rfc\vision\protobuf\src\google/protobuf/unknown_field_set.h(231): warning C4251: 'google::protobuf::UnknownField::fixed64_' : class 'google::protobuf::RepeatedField<Element>' needs to have dll-interface to be used by clients of class 'google::protobuf::UnknownField'
          with
          [
              Element=google::protobuf::uint64
          ]
C:\Documents and Settings\Administrator\Desktop\gitrobocup\rfc\vision\protobuf\src\google/protobuf/unknown_field_set.h(232): warning C4251: 'google::protobuf::UnknownField::length_delimited_' : class 'google::protobuf::RepeatedPtrField<Element>' needs to have dll-interface to be used by clients of class 'google::protobuf::UnknownField'
          with
          [
              Element=std::string
          ]
C:\Documents and Settings\Administrator\Desktop\gitrobocup\rfc\vision\protobuf\src\google/protobuf/unknown_field_set.h(233): warning C4251: 'google::protobuf::UnknownField::group_' : class 'google::protobuf::RepeatedPtrField<Element>' needs to have dll-interface to be used by clients of class 'google::protobuf::UnknownField'
          with
          [
              Element=google::protobuf::UnknownFieldSet
          ]
C:\Documents and Settings\Administrator\Desktop\gitrobocup\rfc\vision\protobuf\src\google/protobuf/extension_set.h(303): warning C4251: 'google::protobuf::internal::ExtensionSet::extensions_' : class 'std::map<_Kty,_Ty>' needs to have dll-interface to be used by clients of class 'google::protobuf::internal::ExtensionSet'
          with
          [
              _Kty=int,
              _Ty=google::protobuf::internal::ExtensionSet::Extension
          ]
c:\documents and settings\administrator\desktop\gitrobocup\rfc\vision\sslclientlib\proto\cpp\messages_robocup_ssl_detection.pb.h(367): warning C4251: 'SSL_DetectionFrame::balls_' : class 'google::protobuf::RepeatedPtrField<Element>' needs to have dll-interface to be used by clients of class 'SSL_DetectionFrame'
          with
          [
              Element=SSL_DetectionBall
          ]
c:\documents and settings\administrator\desktop\gitrobocup\rfc\vision\sslclientlib\proto\cpp\messages_robocup_ssl_detection.pb.h(368): warning C4251: 'SSL_DetectionFrame::robots_yellow_' : class 'google::protobuf::RepeatedPtrField<Element>' needs to have dll-interface to be used by clients of class 'SSL_DetectionFrame'
          with
          [
              Element=SSL_DetectionRobot
          ]
c:\documents and settings\administrator\desktop\gitrobocup\rfc\vision\sslclientlib\proto\cpp\messages_robocup_ssl_detection.pb.h(369): warning C4251: 'SSL_DetectionFrame::robots_blue_' : class 'google::protobuf::RepeatedPtrField<Element>' needs to have dll-interface to be used by clients of class 'SSL_DetectionFrame'
          with
          [
              Element=SSL_DetectionRobot
          ]
C:\Documents and Settings\Administrator\Desktop\gitrobocup\rfc\vision\protobuf\src\google/protobuf/descriptor.h(1037): warning C4251: 'google::protobuf::DescriptorPool::tables_' : class 'google::protobuf::internal::scoped_ptr<C>' needs to have dll-interface to be used by clients of class 'google::protobuf::DescriptorPool'
          with
          [
              C=google::protobuf::DescriptorPool::Tables
          ]
  messages_robocup_ssl_geometry.pb.cc
C:\Documents and Settings\Administrator\Desktop\gitrobocup\rfc\vision\protobuf\src\google/protobuf/stubs/common.h(600): warning C4251: 'google::protobuf::internal::LogMessage::message_' : class 'std::basic_string<_Elem,_Traits,_Ax>' needs to have dll-interface to be used by clients of class 'google::protobuf::internal::LogMessage'
          with
          [
              _Elem=char,
              _Traits=std::char_traits<char>,
              _Ax=std::allocator<char>
          ]
C:\Documents and Settings\Administrator\Desktop\gitrobocup\rfc\vision\protobuf\src\google/protobuf/unknown_field_set.h(229): warning C4251: 'google::protobuf::UnknownField::varint_' : class 'google::protobuf::RepeatedField<Element>' needs to have dll-interface to be used by clients of class 'google::protobuf::UnknownField'
          with
          [
              Element=google::protobuf::uint64
          ]
C:\Documents and Settings\Administrator\Desktop\gitrobocup\rfc\vision\protobuf\src\google/protobuf/unknown_field_set.h(230): warning C4251: 'google::protobuf::UnknownField::fixed32_' : class 'google::protobuf::RepeatedField<Element>' needs to have dll-interface to be used by clients of class 'google::protobuf::UnknownField'
          with
          [
              Element=google::protobuf::uint32
          ]
C:\Documents and Settings\Administrator\Desktop\gitrobocup\rfc\vision\protobuf\src\google/protobuf/unknown_field_set.h(231): warning C4251: 'google::protobuf::UnknownField::fixed64_' : class 'google::protobuf::RepeatedField<Element>' needs to have dll-interface to be used by clients of class 'google::protobuf::UnknownField'
          with
          [
              Element=google::protobuf::uint64
          ]
C:\Documents and Settings\Administrator\Desktop\gitrobocup\rfc\vision\protobuf\src\google/protobuf/unknown_field_set.h(232): warning C4251: 'google::protobuf::UnknownField::length_delimited_' : class 'google::protobuf::RepeatedPtrField<Element>' needs to have dll-interface to be used by clients of class 'google::protobuf::UnknownField'
          with
          [
              Element=std::string
          ]
C:\Documents and Settings\Administrator\Desktop\gitrobocup\rfc\vision\protobuf\src\google/protobuf/unknown_field_set.h(233): warning C4251: 'google::protobuf::UnknownField::group_' : class 'google::protobuf::RepeatedPtrField<Element>' needs to have dll-interface to be used by clients of class 'google::protobuf::UnknownField'
          with
          [
              Element=google::protobuf::UnknownFieldSet
          ]
C:\Documents and Settings\Administrator\Desktop\gitrobocup\rfc\vision\protobuf\src\google/protobuf/extension_set.h(303): warning C4251: 'google::protobuf::internal::ExtensionSet::extensions_' : class 'std::map<_Kty,_Ty>' needs to have dll-interface to be used by clients of class 'google::protobuf::internal::ExtensionSet'
          with
          [
              _Kty=int,
              _Ty=google::protobuf::internal::ExtensionSet::Extension
          ]
c:\documents and settings\administrator\desktop\gitrobocup\rfc\vision\sslclientlib\proto\cpp\messages_robocup_ssl_geometry.pb.h(427): warning C4251: 'SSL_GeometryData::calib_' : class 'google::protobuf::RepeatedPtrField<Element>' needs to have dll-interface to be used by clients of class 'SSL_GeometryData'
          with
          [
              Element=SSL_GeometryCameraCalibration
          ]
C:\Documents and Settings\Administrator\Desktop\gitrobocup\rfc\vision\protobuf\src\google/protobuf/descriptor.h(1037): warning C4251: 'google::protobuf::DescriptorPool::tables_' : class 'google::protobuf::internal::scoped_ptr<C>' needs to have dll-interface to be used by clients of class 'google::protobuf::DescriptorPool'
          with
          [
              C=google::protobuf::DescriptorPool::Tables
          ]
  messages_robocup_ssl_wrapper.pb.cc
C:\Documents and Settings\Administrator\Desktop\gitrobocup\rfc\vision\protobuf\src\google/protobuf/stubs/common.h(600): warning C4251: 'google::protobuf::internal::LogMessage::message_' : class 'std::basic_string<_Elem,_Traits,_Ax>' needs to have dll-interface to be used by clients of class 'google::protobuf::internal::LogMessage'
          with
          [
              _Elem=char,
              _Traits=std::char_traits<char>,
              _Ax=std::allocator<char>
          ]
C:\Documents and Settings\Administrator\Desktop\gitrobocup\rfc\vision\protobuf\src\google/protobuf/unknown_field_set.h(229): warning C4251: 'google::protobuf::UnknownField::varint_' : class 'google::protobuf::RepeatedField<Element>' needs to have dll-interface to be used by clients of class 'google::protobuf::UnknownField'
          with
          [
              Element=google::protobuf::uint64
          ]
C:\Documents and Settings\Administrator\Desktop\gitrobocup\rfc\vision\protobuf\src\google/protobuf/unknown_field_set.h(230): warning C4251: 'google::protobuf::UnknownField::fixed32_' : class 'google::protobuf::RepeatedField<Element>' needs to have dll-interface to be used by clients of class 'google::protobuf::UnknownField'
          with
          [
              Element=google::protobuf::uint32
          ]
C:\Documents and Settings\Administrator\Desktop\gitrobocup\rfc\vision\protobuf\src\google/protobuf/unknown_field_set.h(231): warning C4251: 'google::protobuf::UnknownField::fixed64_' : class 'google::protobuf::RepeatedField<Element>' needs to have dll-interface to be used by clients of class 'google::protobuf::UnknownField'
          with
          [
              Element=google::protobuf::uint64
          ]
C:\Documents and Settings\Administrator\Desktop\gitrobocup\rfc\vision\protobuf\src\google/protobuf/unknown_field_set.h(232): warning C4251: 'google::protobuf::UnknownField::length_delimited_' : class 'google::protobuf::RepeatedPtrField<Element>' needs to have dll-interface to be used by clients of class 'google::protobuf::UnknownField'
          with
          [
              Element=std::string
          ]
C:\Documents and Settings\Administrator\Desktop\gitrobocup\rfc\vision\protobuf\src\google/protobuf/unknown_field_set.h(233): warning C4251: 'google::protobuf::UnknownField::group_' : class 'google::protobuf::RepeatedPtrField<Element>' needs to have dll-interface to be used by clients of class 'google::protobuf::UnknownField'
          with
          [
              Element=google::protobuf::UnknownFieldSet
          ]
C:\Documents and Settings\Administrator\Desktop\gitrobocup\rfc\vision\protobuf\src\google/protobuf/extension_set.h(303): warning C4251: 'google::protobuf::internal::ExtensionSet::extensions_' : class 'std::map<_Kty,_Ty>' needs to have dll-interface to be used by clients of class 'google::protobuf::internal::ExtensionSet'
          with
          [
              _Kty=int,
              _Ty=google::protobuf::internal::ExtensionSet::Extension
          ]
c:\documents and settings\administrator\desktop\gitrobocup\rfc\vision\sslclientlib\proto\cpp\messages_robocup_ssl_detection.pb.h(367): warning C4251: 'SSL_DetectionFrame::balls_' : class 'google::protobuf::RepeatedPtrField<Element>' needs to have dll-interface to be used by clients of class 'SSL_DetectionFrame'
          with
          [
              Element=SSL_DetectionBall
          ]
c:\documents and settings\administrator\desktop\gitrobocup\rfc\vision\sslclientlib\proto\cpp\messages_robocup_ssl_detection.pb.h(368): warning C4251: 'SSL_DetectionFrame::robots_yellow_' : class 'google::protobuf::RepeatedPtrField<Element>' needs to have dll-interface to be used by clients of class 'SSL_DetectionFrame'
          with
          [
              Element=SSL_DetectionRobot
          ]
c:\documents and settings\administrator\desktop\gitrobocup\rfc\vision\sslclientlib\proto\cpp\messages_robocup_ssl_detection.pb.h(369): warning C4251: 'SSL_DetectionFrame::robots_blue_' : class 'google::protobuf::RepeatedPtrField<Element>' needs to have dll-interface to be used by clients of class 'SSL_DetectionFrame'
          with
          [
              Element=SSL_DetectionRobot
          ]
c:\documents and settings\administrator\desktop\gitrobocup\rfc\vision\sslclientlib\proto\cpp\messages_robocup_ssl_geometry.pb.h(427): warning C4251: 'SSL_GeometryData::calib_' : class 'google::protobuf::RepeatedPtrField<Element>' needs to have dll-interface to be used by clients of class 'SSL_GeometryData'
          with
          [
              Element=SSL_GeometryCameraCalibration
          ]
C:\Documents and Settings\Administrator\Desktop\gitrobocup\rfc\vision\protobuf\src\google/protobuf/descriptor.h(1037): warning C4251: 'google::protobuf::DescriptorPool::tables_' : class 'google::protobuf::internal::scoped_ptr<C>' needs to have dll-interface to be used by clients of class 'google::protobuf::DescriptorPool'
          with
          [
              C=google::protobuf::DescriptorPool::Tables
          ]
  netraw.cpp
  robocup_ssl_client.cpp
C:\Documents and Settings\Administrator\Desktop\gitrobocup\rfc\vision\protobuf\src\google/protobuf/stubs/common.h(600): warning C4251: 'google::protobuf::internal::LogMessage::message_' : class 'std::basic_string<_Elem,_Traits,_Ax>' needs to have dll-interface to be used by clients of class 'google::protobuf::internal::LogMessage'
          with
          [
              _Elem=char,
              _Traits=std::char_traits<char>,
              _Ax=std::allocator<char>
          ]
C:\Documents and Settings\Administrator\Desktop\gitrobocup\rfc\vision\protobuf\src\google/protobuf/unknown_field_set.h(229): warning C4251: 'google::protobuf::UnknownField::varint_' : class 'google::protobuf::RepeatedField<Element>' needs to have dll-interface to be used by clients of class 'google::protobuf::UnknownField'
          with
          [
              Element=google::protobuf::uint64
          ]
C:\Documents and Settings\Administrator\Desktop\gitrobocup\rfc\vision\protobuf\src\google/protobuf/unknown_field_set.h(230): warning C4251: 'google::protobuf::UnknownField::fixed32_' : class 'google::protobuf::RepeatedField<Element>' needs to have dll-interface to be used by clients of class 'google::protobuf::UnknownField'
          with
          [
              Element=google::protobuf::uint32
          ]
C:\Documents and Settings\Administrator\Desktop\gitrobocup\rfc\vision\protobuf\src\google/protobuf/unknown_field_set.h(231): warning C4251: 'google::protobuf::UnknownField::fixed64_' : class 'google::protobuf::RepeatedField<Element>' needs to have dll-interface to be used by clients of class 'google::protobuf::UnknownField'
          with
          [
              Element=google::protobuf::uint64
          ]
C:\Documents and Settings\Administrator\Desktop\gitrobocup\rfc\vision\protobuf\src\google/protobuf/unknown_field_set.h(232): warning C4251: 'google::protobuf::UnknownField::length_delimited_' : class 'google::protobuf::RepeatedPtrField<Element>' needs to have dll-interface to be used by clients of class 'google::protobuf::UnknownField'
          with
          [
              Element=std::string
          ]
C:\Documents and Settings\Administrator\Desktop\gitrobocup\rfc\vision\protobuf\src\google/protobuf/unknown_field_set.h(233): warning C4251: 'google::protobuf::UnknownField::group_' : class 'google::protobuf::RepeatedPtrField<Element>' needs to have dll-interface to be used by clients of class 'google::protobuf::UnknownField'
          with
          [
              Element=google::protobuf::UnknownFieldSet
          ]
C:\Documents and Settings\Administrator\Desktop\gitrobocup\rfc\vision\protobuf\src\google/protobuf/extension_set.h(303): warning C4251: 'google::protobuf::internal::ExtensionSet::extensions_' : class 'std::map<_Kty,_Ty>' needs to have dll-interface to be used by clients of class 'google::protobuf::internal::ExtensionSet'
          with
          [
              _Kty=int,
              _Ty=google::protobuf::internal::ExtensionSet::Extension
          ]
C:\Documents and Settings\Administrator\Desktop\gitrobocup\rfc\vision\SSLClientLib\proto\cpp\messages_robocup_ssl_detection.pb.h(367): warning C4251: 'SSL_DetectionFrame::balls_' : class 'google::protobuf::RepeatedPtrField<Element>' needs to have dll-interface to be used by clients of class 'SSL_DetectionFrame'
          with
          [
              Element=SSL_DetectionBall
          ]
C:\Documents and Settings\Administrator\Desktop\gitrobocup\rfc\vision\SSLClientLib\proto\cpp\messages_robocup_ssl_detection.pb.h(368): warning C4251: 'SSL_DetectionFrame::robots_yellow_' : class 'google::protobuf::RepeatedPtrField<Element>' needs to have dll-interface to be used by clients of class 'SSL_DetectionFrame'
          with
          [
              Element=SSL_DetectionRobot
          ]
C:\Documents and Settings\Administrator\Desktop\gitrobocup\rfc\vision\SSLClientLib\proto\cpp\messages_robocup_ssl_detection.pb.h(369): warning C4251: 'SSL_DetectionFrame::robots_blue_' : class 'google::protobuf::RepeatedPtrField<Element>' needs to have dll-interface to be used by clients of class 'SSL_DetectionFrame'
          with
          [
              Element=SSL_DetectionRobot
          ]
C:\Documents and Settings\Administrator\Desktop\gitrobocup\rfc\vision\SSLClientLib\proto\cpp\messages_robocup_ssl_geometry.pb.h(427): warning C4251: 'SSL_GeometryData::calib_' : class 'google::protobuf::RepeatedPtrField<Element>' needs to have dll-interface to be used by clients of class 'SSL_GeometryData'
          with
          [
              Element=SSL_GeometryCameraCalibration
          ]
c:\documents and settings\administrator\desktop\gitrobocup\rfc\vision\sslclientlib\robocup_ssl_client.h(44): warning C4251: 'RoboCupSSLClient::_net_address' : class 'std::basic_string<_Elem,_Traits,_Ax>' needs to have dll-interface to be used by clients of class 'RoboCupSSLClient'
          with
          [
              _Elem=char,
              _Traits=std::char_traits<char>,
              _Ax=std::allocator<char>
          ]
c:\documents and settings\administrator\desktop\gitrobocup\rfc\vision\sslclientlib\robocup_ssl_client.h(45): warning C4251: 'RoboCupSSLClient::_net_interface' : class 'std::basic_string<_Elem,_Traits,_Ax>' needs to have dll-interface to be used by clients of class 'RoboCupSSLClient'
          with
          [
              _Elem=char,
              _Traits=std::char_traits<char>,
              _Ax=std::allocator<char>
          ]
  robocup_ssl_server.cpp
C:\Documents and Settings\Administrator\Desktop\gitrobocup\rfc\vision\protobuf\src\google/protobuf/stubs/common.h(600): warning C4251: 'google::protobuf::internal::LogMessage::message_' : class 'std::basic_string<_Elem,_Traits,_Ax>' needs to have dll-interface to be used by clients of class 'google::protobuf::internal::LogMessage'
          with
          [
              _Elem=char,
              _Traits=std::char_traits<char>,
              _Ax=std::allocator<char>
          ]
C:\Documents and Settings\Administrator\Desktop\gitrobocup\rfc\vision\protobuf\src\google/protobuf/unknown_field_set.h(229): warning C4251: 'google::protobuf::UnknownField::varint_' : class 'google::protobuf::RepeatedField<Element>' needs to have dll-interface to be used by clients of class 'google::protobuf::UnknownField'
          with
          [
              Element=google::protobuf::uint64
          ]
C:\Documents and Settings\Administrator\Desktop\gitrobocup\rfc\vision\protobuf\src\google/protobuf/unknown_field_set.h(230): warning C4251: 'google::protobuf::UnknownField::fixed32_' : class 'google::protobuf::RepeatedField<Element>' needs to have dll-interface to be used by clients of class 'google::protobuf::UnknownField'
          with
          [
              Element=google::protobuf::uint32
          ]
C:\Documents and Settings\Administrator\Desktop\gitrobocup\rfc\vision\protobuf\src\google/protobuf/unknown_field_set.h(231): warning C4251: 'google::protobuf::UnknownField::fixed64_' : class 'google::protobuf::RepeatedField<Element>' needs to have dll-interface to be used by clients of class 'google::protobuf::UnknownField'
          with
          [
              Element=google::protobuf::uint64
          ]
C:\Documents and Settings\Administrator\Desktop\gitrobocup\rfc\vision\protobuf\src\google/protobuf/unknown_field_set.h(232): warning C4251: 'google::protobuf::UnknownField::length_delimited_' : class 'google::protobuf::RepeatedPtrField<Element>' needs to have dll-interface to be used by clients of class 'google::protobuf::UnknownField'
          with
          [
              Element=std::string
          ]
C:\Documents and Settings\Administrator\Desktop\gitrobocup\rfc\vision\protobuf\src\google/protobuf/unknown_field_set.h(233): warning C4251: 'google::protobuf::UnknownField::group_' : class 'google::protobuf::RepeatedPtrField<Element>' needs to have dll-interface to be used by clients of class 'google::protobuf::UnknownField'
          with
          [
              Element=google::protobuf::UnknownFieldSet
          ]
C:\Documents and Settings\Administrator\Desktop\gitrobocup\rfc\vision\protobuf\src\google/protobuf/extension_set.h(303): warning C4251: 'google::protobuf::internal::ExtensionSet::extensions_' : class 'std::map<_Kty,_Ty>' needs to have dll-interface to be used by clients of class 'google::protobuf::internal::ExtensionSet'
          with
          [
              _Kty=int,
              _Ty=google::protobuf::internal::ExtensionSet::Extension
          ]
C:\Documents and Settings\Administrator\Desktop\gitrobocup\rfc\vision\SSLClientLib\proto\cpp\messages_robocup_ssl_detection.pb.h(367): warning C4251: 'SSL_DetectionFrame::balls_' : class 'google::protobuf::RepeatedPtrField<Element>' needs to have dll-interface to be used by clients of class 'SSL_DetectionFrame'
          with
          [
              Element=SSL_DetectionBall
          ]
C:\Documents and Settings\Administrator\Desktop\gitrobocup\rfc\vision\SSLClientLib\proto\cpp\messages_robocup_ssl_detection.pb.h(368): warning C4251: 'SSL_DetectionFrame::robots_yellow_' : class 'google::protobuf::RepeatedPtrField<Element>' needs to have dll-interface to be used by clients of class 'SSL_DetectionFrame'
          with
          [
              Element=SSL_DetectionRobot
          ]
C:\Documents and Settings\Administrator\Desktop\gitrobocup\rfc\vision\SSLClientLib\proto\cpp\messages_robocup_ssl_detection.pb.h(369): warning C4251: 'SSL_DetectionFrame::robots_blue_' : class 'google::protobuf::RepeatedPtrField<Element>' needs to have dll-interface to be used by clients of class 'SSL_DetectionFrame'
          with
          [
              Element=SSL_DetectionRobot
          ]
C:\Documents and Settings\Administrator\Desktop\gitrobocup\rfc\vision\SSLClientLib\proto\cpp\messages_robocup_ssl_geometry.pb.h(427): warning C4251: 'SSL_GeometryData::calib_' : class 'google::protobuf::RepeatedPtrField<Element>' needs to have dll-interface to be used by clients of class 'SSL_GeometryData'
          with
          [
              Element=SSL_GeometryCameraCalibration
          ]
c:\documents and settings\administrator\desktop\gitrobocup\rfc\vision\sslclientlib\robocup_ssl_server.h(40): warning C4251: 'RoboCupSSLServer::_net_address' : class 'std::basic_string<_Elem,_Traits,_Ax>' needs to have dll-interface to be used by clients of class 'RoboCupSSLServer'
          with
          [
              _Elem=char,
              _Traits=std::char_traits<char>,
              _Ax=std::allocator<char>
          ]
c:\documents and settings\administrator\desktop\gitrobocup\rfc\vision\sslclientlib\robocup_ssl_server.h(41): warning C4251: 'RoboCupSSLServer::_net_interface' : class 'std::basic_string<_Elem,_Traits,_Ax>' needs to have dll-interface to be used by clients of class 'RoboCupSSLServer'
          with
          [
              _Elem=char,
              _Traits=std::char_traits<char>,
              _Ax=std::allocator<char>
          ]
  Generating Code...
  C:\Program Files\Microsoft Visual Studio 10.0\VC\bin\CL.exe /c /I../../vision/protobuf/src /I../../vision/SSLClientLib/proto/cpp /Zi /clr /nologo /W3 /WX- /Ox /Ob2 /Ot /Oy- /D WIN32 /D _DEBUG /D _WINDLL /D _UNICODE /D UNICODE /EHa /MDd /GS /fp:fast /Zc:wchar_t /Zc:forScope /Fo"..\..\bin\Debug\\" /Fd"..\..\bin\Debug\vc100.pdb" /TP /analyze- /errorReport:prompt "C:\Documents and Settings\Administrator\Local Settings\Temp\.NETFramework,Version=v4.0.AssemblyAttributes.cpp" /LD 
  .NETFramework,Version=v4.0.AssemblyAttributes.cpp
ResourceCompile:
  C:\Program Files\Microsoft SDKs\Windows\v7.0A\bin\rc.exe /D _UNICODE /D UNICODE /l"0x0409" /nologo /fo"..\..\bin\Debug\app.res" app.rc 
Link:
  C:\Program Files\Microsoft Visual Studio 10.0\VC\bin\link.exe /ERRORREPORT:PROMPT /OUT:"..\..\bin\Debug\SSLClientLib.dll" /INCREMENTAL /NOLOGO ws2_32.lib /NODEFAULTLIB:sslclientwrapper.exp /MANIFEST:NO /DEBUG /PDB:"C:\Documents and Settings\Administrator\Desktop\gitrobocup\rfc\bin\Debug\SSLClientLib.pdb" /ASSEMBLYDEBUG /TLBID:1 /DYNAMICBASE /FIXED:NO /NXCOMPAT /IMPLIB:"..\..\bin\Debug\SSLClientLib.lib" /MACHINE:X86 /KEYFILE:"..\..\bin\Debug\..\..\resources\rfc.snk" /DLL ..\..\bin\Debug\app.res
  ..\..\bin\Debug\AssemblyInfo.obj
  ..\..\bin\Debug\messages_robocup_ssl_detection.pb.obj
  ..\..\bin\Debug\messages_robocup_ssl_geometry.pb.obj
  ..\..\bin\Debug\messages_robocup_ssl_wrapper.pb.obj
  ..\..\bin\Debug\netraw.obj
  ..\..\bin\Debug\robocup_ssl_client.obj
  ..\..\bin\Debug\robocup_ssl_server.obj
  "..\..\bin\Debug\.NETFramework,Version=v4.0.AssemblyAttributes.obj"
  "C:\Documents and Settings\Administrator\Desktop\gitrobocup\rfc\bin\Debug\libprotobuf.lib"
     Creating library ..\..\bin\Debug\SSLClientLib.lib and object ..\..\bin\Debug\SSLClientLib.exp
  SSLClientLib.vcxproj -> C:\Documents and Settings\Administrator\Desktop\gitrobocup\rfc\vision\SSLClientLib\..\..\bin\Debug\SSLClientLib.dll
FinalizeBuildStatus:
  Deleting file "..\..\bin\Debug\SSLClientLib.unsuccessfulbuild".
  Touching "..\..\bin\Debug\SSLClientLib.lastbuildstate".
Done Building Project "C:\Documents and Settings\Administrator\Desktop\gitrobocup\rfc\vision\SSLClientLib\SSLClientLib.vcxproj" (build target(s)).

Build succeeded.

Time Elapsed 00:00:18.87
